# JRE version: OpenJDK Runtime Environment (11.0.13) (build 11.0.13+0-b1751.21-8125866)
# Java VM: OpenJDK 64-Bit Server VM (11.0.13+0-b1751.21-8125866, mixed mode, tiered, compressed oops, g1 gc, windows-amd64)
Heap:
 garbage-first heap   total 260096K, used 84360K [0x00000000a0000000, 0x0000000100000000)
  region size 1024K, 13 young (13312K), 10 survivors (10240K)
 Metaspace       used 77142K, capacity 79455K, committed 79568K, reserved 1118208K
  class space    used 9971K, capacity 10807K, committed 10880K, reserved 1048576K
GC Heap History (20 events):
Event: 0.602 GC heap before
{Heap before GC invocations=0 (full 0):
 garbage-first heap   total 260096K, used 29696K [0x00000000a0000000, 0x0000000100000000)
  region size 1024K, 24 young (24576K), 0 survivors (0K)
 Metaspace       used 10184K, capacity 10403K, committed 10624K, reserved 1058816K
  class space    used 1048K, capacity 1106K, committed 1152K, reserved 1048576K
}
Event: 0.606 GC heap after
{Heap after GC invocations=1 (full 0):
 garbage-first heap   total 260096K, used 9587K [0x00000000a0000000, 0x0000000100000000)
  region size 1024K, 3 young (3072K), 3 survivors (3072K)
 Metaspace       used 10184K, capacity 10403K, committed 10624K, reserved 1058816K
  class space    used 1048K, capacity 1106K, committed 1152K, reserved 1048576K
}
Event: 2.312 GC heap before
{Heap before GC invocations=1 (full 0):
 garbage-first heap   total 260096K, used 106867K [0x00000000a0000000, 0x0000000100000000)
  region size 1024K, 99 young (101376K), 3 survivors (3072K)
 Metaspace       used 20655K, capacity 21177K, committed 21296K, reserved 1069056K
  class space    used 2483K, capacity 2662K, committed 2688K, reserved 1048576K
}
Event: 2.320 GC heap after
{Heap after GC invocations=2 (full 0):
 garbage-first heap   total 260096K, used 17569K [0x00000000a0000000, 0x0000000100000000)
  region size 1024K, 11 young (11264K), 11 survivors (11264K)
 Metaspace       used 20655K, capacity 21177K, committed 21296K, reserved 1069056K
  class space    used 2483K, capacity 2662K, committed 2688K, reserved 1048576K
}
Event: 2.912 GC heap before
{Heap before GC invocations=3 (full 0):
 garbage-first heap   total 260096K, used 80033K [0x00000000a0000000, 0x0000000100000000)
  region size 1024K, 72 young (73728K), 11 survivors (11264K)
 Metaspace       used 26874K, capacity 27551K, committed 27696K, reserved 1073152K
  class space    used 3460K, capacity 3708K, committed 3712K, reserved 1048576K
}
Event: 2.919 GC heap after
{Heap after GC invocations=4 (full 0):
 garbage-first heap   total 260096K, used 19644K [0x00000000a0000000, 0x0000000100000000)
  region size 1024K, 3 young (3072K), 3 survivors (3072K)
 Metaspace       used 26874K, capacity 27551K, committed 27696K, reserved 1073152K
  class space    used 3460K, capacity 3708K, committed 3712K, reserved 1048576K
}
Event: 3.694 GC heap before
{Heap before GC invocations=4 (full 0):
 garbage-first heap   total 260096K, used 72892K [0x00000000a0000000, 0x0000000100000000)
  region size 1024K, 56 young (57344K), 3 survivors (3072K)
 Metaspace       used 35062K, capacity 35818K, committed 35920K, reserved 1081344K
  class space    used 4479K, capacity 4808K, committed 4864K, reserved 1048576K
}
Event: 3.701 GC heap after
{Heap after GC invocations=5 (full 0):
 garbage-first heap   total 260096K, used 22763K [0x00000000a0000000, 0x0000000100000000)
  region size 1024K, 6 young (6144K), 6 survivors (6144K)
 Metaspace       used 35062K, capacity 35818K, committed 35920K, reserved 1081344K
  class space    used 4479K, capacity 4808K, committed 4864K, reserved 1048576K
}
Event: 4.872 GC heap before
{Heap before GC invocations=6 (full 0):
 garbage-first heap   total 260096K, used 136427K [0x00000000a0000000, 0x0000000100000000)
  region size 1024K, 114 young (116736K), 6 survivors (6144K)
 Metaspace       used 43849K, capacity 44811K, committed 44880K, reserved 1089536K
  class space    used 5481K, capacity 5873K, committed 5888K, reserved 1048576K
}
Event: 4.883 GC heap after
{Heap after GC invocations=7 (full 0):
 garbage-first heap   total 260096K, used 30846K [0x00000000a0000000, 0x0000000100000000)
  region size 1024K, 14 young (14336K), 14 survivors (14336K)
 Metaspace       used 43849K, capacity 44811K, committed 44880K, reserved 1089536K
  class space    used 5481K, capacity 5873K, committed 5888K, reserved 1048576K
}
Event: 6.323 GC heap before
{Heap before GC invocations=7 (full 0):
 garbage-first heap   total 260096K, used 164990K [0x00000000a0000000, 0x0000000100000000)
  region size 1024K, 137 young (140288K), 14 survivors (14336K)
 Metaspace       used 50566K, capacity 51905K, committed 52048K, reserved 1095680K
  class space    used 6349K, capacity 6848K, committed 6912K, reserved 1048576K
}
Event: 6.335 GC heap after
{Heap after GC invocations=8 (full 0):
 garbage-first heap   total 260096K, used 50060K [0x00000000a0000000, 0x0000000100000000)
  region size 1024K, 18 young (18432K), 18 survivors (18432K)
 Metaspace       used 50566K, capacity 51905K, committed 52048K, reserved 1095680K
  class space    used 6349K, capacity 6848K, committed 6912K, reserved 1048576K
}
Event: 7.148 GC heap before
{Heap before GC invocations=8 (full 0):
 garbage-first heap   total 260096K, used 110476K [0x00000000a0000000, 0x0000000100000000)
  region size 1024K, 78 young (79872K), 18 survivors (18432K)
 Metaspace       used 58513K, capacity 60073K, committed 60240K, reserved 1101824K
  class space    used 7351K, capacity 7926K, committed 7936K, reserved 1048576K
}
Event: 7.165 GC heap after
{Heap after GC invocations=9 (full 0):
 garbage-first heap   total 260096K, used 53437K [0x00000000a0000000, 0x0000000100000000)
  region size 1024K, 4 young (4096K), 4 survivors (4096K)
 Metaspace       used 58513K, capacity 60073K, committed 60240K, reserved 1101824K
  class space    used 7351K, capacity 7926K, committed 7936K, reserved 1048576K
}
Event: 8.439 GC heap before
{Heap before GC invocations=10 (full 0):
 garbage-first heap   total 260096K, used 170173K [0x00000000a0000000, 0x0000000100000000)
  region size 1024K, 118 young (120832K), 4 survivors (4096K)
 Metaspace       used 67101K, capacity 68748K, committed 68816K, reserved 1110016K
  class space    used 8434K, capacity 9055K, committed 9088K, reserved 1048576K
}
Event: 8.446 GC heap after
{Heap after GC invocations=11 (full 0):
 garbage-first heap   total 260096K, used 59384K [0x00000000a0000000, 0x0000000100000000)
  region size 1024K, 10 young (10240K), 10 survivors (10240K)
 Metaspace       used 67101K, capacity 68748K, committed 68816K, reserved 1110016K
  class space    used 8434K, capacity 9055K, committed 9088K, reserved 1048576K
}
Event: 9.474 GC heap before
{Heap before GC invocations=11 (full 0):
 garbage-first heap   total 260096K, used 180216K [0x00000000a0000000, 0x0000000100000000)
  region size 1024K, 126 young (129024K), 10 survivors (10240K)
 Metaspace       used 69803K, capacity 71762K, committed 72016K, reserved 1112064K
  class space    used 8776K, capacity 9453K, committed 9472K, reserved 1048576K
}
Event: 9.485 GC heap after
{Heap after GC invocations=12 (full 0):
 garbage-first heap   total 260096K, used 72300K [0x00000000a0000000, 0x0000000100000000)
  region size 1024K, 16 young (16384K), 16 survivors (16384K)
 Metaspace       used 69803K, capacity 71762K, committed 72016K, reserved 1112064K
  class space    used 8776K, capacity 9453K, committed 9472K, reserved 1048576K
}
Event: 10.733 GC heap before
{Heap before GC invocations=12 (full 0):
 garbage-first heap   total 260096K, used 188012K [0x00000000a0000000, 0x0000000100000000)
  region size 1024K, 129 young (132096K), 16 survivors (16384K)
 Metaspace       used 77100K, capacity 79360K, committed 79568K, reserved 1118208K
  class space    used 9964K, capacity 10798K, committed 10880K, reserved 1048576K
}
Event: 10.750 GC heap after
{Heap after GC invocations=13 (full 0):
 garbage-first heap   total 260096K, used 82312K [0x00000000a0000000, 0x0000000100000000)
  region size 1024K, 10 young (10240K), 10 survivors (10240K)
 Metaspace       used 77100K, capacity 79360K, committed 79568K, reserved 1118208K
  class space    used 9964K, capacity 10798K, committed 10880K, reserved 1048576K
}

